<?xml version="1.0" encoding="UTF-8"?><testrun name="TestRunner" project="codeChallenge" tests="13" started="13" failures="0" errors="2" ignored="8">
  <testsuite name="testRunner.TestRunner" time="20.102">
    <testsuite name="Feature: Microsoft flow page" time="20.102">
      <testsuite name="Scenario: Happy Path" time="19.888" incomplete="true">
        <error>java.util.NoSuchElementException&#13;
	at java.util.ArrayList$Itr.next(ArrayList.java:862)&#13;
	at stepDefinitions.Steps.user_click_on_windows_menu(Steps.java:66)&#13;
	at ✽.And User click on Windows 10 Menu and print values(./Features/MicrosoftFlow.feature:8)&#13;
&#13;
</error>
        <testcase name="Given I open Chrome" classname="Scenario: Happy Path" time="5.542"/>
        <testcase name="Given I launch &quot;https://www.microsoft.com/en-us/&quot;" classname="Scenario: Happy Path" time="1.075"/>
        <testcase name="Then User validate all menu items are present" classname="Scenario: Happy Path" time="6.409"/>
        <testcase name="When User go to Windows" classname="Scenario: Happy Path" time="6.84"/>
        <testcase name="And User click on Windows 10 Menu and print values" classname="Scenario: Happy Path" time="0.022">
          <error>java.util.NoSuchElementException&#13;
	at java.util.ArrayList$Itr.next(ArrayList.java:862)&#13;
	at stepDefinitions.Steps.user_click_on_windows_menu(Steps.java:66)&#13;
	at ✽.And User click on Windows 10 Menu and print values(./Features/MicrosoftFlow.feature:8)&#13;
&#13;
</error>
        </testcase>
        <testcase name="When User go to Search next to the shopping cart" classname="Scenario: Happy Path" time="0.002" ignored="true"/>
        <testcase name="Then User search for &quot;Visual Studio&quot;" classname="Scenario: Happy Path" time="0.004" ignored="true"/>
        <testcase name="And Click on the first one to go to the details page and Validate prices" classname="Scenario: Happy Path" time="0.002" ignored="true"/>
        <testcase name="When Click Add To Cart" classname="Scenario: Happy Path" time="0.001" ignored="true"/>
        <testcase name="Then Verify all 3 price amounts are the same" classname="Scenario: Happy Path" time="0.002" ignored="true"/>
        <testcase name="Then Select 20 items" classname="Scenario: Happy Path" time="0.002" ignored="true"/>
        <testcase name="Then Validate new amount of price" classname="Scenario: Happy Path" time="0.001" ignored="true"/>
        <testcase name="Then Close browser" classname="Scenario: Happy Path" time="0.181" ignored="true"/>
      </testsuite>
    </testsuite>
  </testsuite>
</testrun>
