<?xml version="1.0" encoding="UTF-8"?><testrun name="TestRunner" project="codeChallenge" tests="1" started="1" failures="0" errors="1" ignored="0">
  <testsuite name="testRunner.TestRunner" time="0.001">
    <testcase name="initializationError" classname="testRunner.TestRunner" time="0.001">
      <error>cucumber.runtime.CucumberException: java.util.regex.PatternSyntaxException: Illegal repetition near index 10&#13;
Verify all {int} price amounts are the same&#13;
          ^&#13;
	at cucumber.runtime.java.JavaBackend.addStepDefinition(JavaBackend.java:121)&#13;
	at cucumber.runtime.java.MethodScanner.scan(MethodScanner.java:68)&#13;
	at cucumber.runtime.java.MethodScanner.scan(MethodScanner.java:41)&#13;
	at cucumber.runtime.java.JavaBackend.loadGlue(JavaBackend.java:78)&#13;
	at cucumber.runtime.Runtime.&lt;init&gt;(Runtime.java:90)&#13;
	at cucumber.runtime.Runtime.&lt;init&gt;(Runtime.java:68)&#13;
	at cucumber.runtime.Runtime.&lt;init&gt;(Runtime.java:64)&#13;
	at cucumber.api.junit.Cucumber.createRuntime(Cucumber.java:78)&#13;
	at cucumber.api.junit.Cucumber.&lt;init&gt;(Cucumber.java:58)&#13;
	at sun.reflect.NativeConstructorAccessorImpl.newInstance0(Native Method)&#13;
	at sun.reflect.NativeConstructorAccessorImpl.newInstance(NativeConstructorAccessorImpl.java:62)&#13;
	at sun.reflect.DelegatingConstructorAccessorImpl.newInstance(DelegatingConstructorAccessorImpl.java:45)&#13;
	at java.lang.reflect.Constructor.newInstance(Constructor.java:423)&#13;
	at org.junit.internal.builders.AnnotatedBuilder.buildRunner(AnnotatedBuilder.java:104)&#13;
	at org.junit.internal.builders.AnnotatedBuilder.runnerForClass(AnnotatedBuilder.java:86)&#13;
	at org.junit.runners.model.RunnerBuilder.safeRunnerForClass(RunnerBuilder.java:70)&#13;
	at org.junit.internal.builders.AllDefaultPossibilitiesBuilder.runnerForClass(AllDefaultPossibilitiesBuilder.java:37)&#13;
	at org.junit.runners.model.RunnerBuilder.safeRunnerForClass(RunnerBuilder.java:70)&#13;
	at org.junit.internal.requests.ClassRequest.createRunner(ClassRequest.java:28)&#13;
	at org.junit.internal.requests.MemoizingRequest.getRunner(MemoizingRequest.java:19)&#13;
	at org.eclipse.jdt.internal.junit4.runner.JUnit4TestLoader.createUnfilteredTest(JUnit4TestLoader.java:90)&#13;
	at org.eclipse.jdt.internal.junit4.runner.JUnit4TestLoader.createTest(JUnit4TestLoader.java:76)&#13;
	at org.eclipse.jdt.internal.junit4.runner.JUnit4TestLoader.loadTests(JUnit4TestLoader.java:49)&#13;
	at org.eclipse.jdt.internal.junit.runner.RemoteTestRunner.runTests(RemoteTestRunner.java:525)&#13;
	at org.eclipse.jdt.internal.junit.runner.RemoteTestRunner.runTests(RemoteTestRunner.java:763)&#13;
	at org.eclipse.jdt.internal.junit.runner.RemoteTestRunner.run(RemoteTestRunner.java:463)&#13;
	at org.eclipse.jdt.internal.junit.runner.RemoteTestRunner.main(RemoteTestRunner.java:209)&#13;
Caused by: java.util.regex.PatternSyntaxException: Illegal repetition near index 10&#13;
Verify all {int} price amounts are the same&#13;
          ^&#13;
	at java.util.regex.Pattern.error(Pattern.java:1969)&#13;
	at java.util.regex.Pattern.closure(Pattern.java:3171)&#13;
	at java.util.regex.Pattern.sequence(Pattern.java:2148)&#13;
	at java.util.regex.Pattern.expr(Pattern.java:2010)&#13;
	at java.util.regex.Pattern.compile(Pattern.java:1702)&#13;
	at java.util.regex.Pattern.&lt;init&gt;(Pattern.java:1352)&#13;
	at java.util.regex.Pattern.compile(Pattern.java:1028)&#13;
	at cucumber.runtime.java.JavaBackend.pattern(JavaBackend.java:128)&#13;
	at cucumber.runtime.java.JavaBackend.addStepDefinition(JavaBackend.java:117)&#13;
	... 26 more&#13;
&#13;
</error>
    </testcase>
  </testsuite>
</testrun>
